download_module/build/intermediates/manifest_merge_blame_file/release/processReleaseManifest/manifest-merger-blame-release-report.txt
1<?xml version="1.0" encoding="utf-8"?>
2<manifest xmlns:android="http://schemas.android.com/apk/res/android"
3    package="com.veritabani.appcompatactivity23.download" >
4
5    <uses-sdk android:minSdkVersion="28" />
6    <!-- Gerekli izinler -->
7    <uses-permission android:name="android.permission.INTERNET" />
7-->src\main\AndroidManifest.xml:4:5-67
7-->src\main\AndroidManifest.xml:4:22-64
8    <uses-permission android:name="android.permission.ACCESS_NETWORK_STATE" />
8-->src\main\AndroidManifest.xml:5:5-79
8-->src\main\AndroidManifest.xml:5:22-76
9    <uses-permission
9-->src\main\AndroidManifest.xml:6:5-7:38
10        android:name="android.permission.WRITE_EXTERNAL_STORAGE"
10-->src\main\AndroidManifest.xml:6:22-78
11        android:maxSdkVersion="32" />
11-->src\main\AndroidManifest.xml:7:9-35
12    <uses-permission
12-->src\main\AndroidManifest.xml:8:5-9:38
13        android:name="android.permission.READ_EXTERNAL_STORAGE"
13-->src\main\AndroidManifest.xml:8:22-77
14        android:maxSdkVersion="32" />
14-->src\main\AndroidManifest.xml:9:9-35
15    <uses-permission android:name="android.permission.FOREGROUND_SERVICE" />
15-->src\main\AndroidManifest.xml:10:5-77
15-->src\main\AndroidManifest.xml:10:22-74
16    <uses-permission android:name="android.permission.FOREGROUND_SERVICE_DATA_SYNC" />
16-->src\main\AndroidManifest.xml:11:5-87
16-->src\main\AndroidManifest.xml:11:22-84
17
18    <application>
18-->src\main\AndroidManifest.xml:13:5-15:19
19
20        <!-- Bu bir kütüphane olduğu için aktivite veya servis tanımlarına gerek yok -->
21    </application>
22
23</manifest>